app/build/intermediates/manifest_merge_blame_file/release/manifest-merger-blame-release-report.txt
1<?xml version="1.0" encoding="utf-8"?>
2<manifest xmlns:android="http://schemas.android.com/apk/res/android"
3    package="com.example.uhf"
4    android:versionCode="1"
5    android:versionName="1.3.4" >
6
7    <uses-sdk
8        android:minSdkVersion="19"
8-->src\main\AndroidManifest.xml
9        android:targetSdkVersion="30" />
9-->src\main\AndroidManifest.xml
10
11    <uses-permission android:name="android.permission.READ_EXTERNAL_STORAGE" />
11-->src\main\AndroidManifest.xml:6:5-80
11-->src\main\AndroidManifest.xml:6:22-77
12    <uses-permission android:name="android.permission.WRITE_EXTERNAL_STORAGE" />
12-->src\main\AndroidManifest.xml:7:5-81
12-->src\main\AndroidManifest.xml:7:22-78
13    <uses-permission android:name="android.permission.MANAGE_EXTERNAL_STORAGE" />
13-->src\main\AndroidManifest.xml:8:5-82
13-->src\main\AndroidManifest.xml:8:22-79
14    <uses-permission android:name="android.permission.ACCESS_NETWORK_STATE" />
14-->[DeviceAPI_ver20230301_release.aar] AndroidManifest.xml:11:5-79
14-->[DeviceAPI_ver20230301_release.aar] AndroidManifest.xml:11:22-76
15    <uses-permission android:name="android.permission.BLUETOOTH_ADMIN" />
15-->[DeviceAPI_ver20230301_release.aar] AndroidManifest.xml:12:5-74
15-->[DeviceAPI_ver20230301_release.aar] AndroidManifest.xml:12:22-71
16    <uses-permission android:name="android.permission.CAMERA" />
16-->[DeviceAPI_ver20230301_release.aar] AndroidManifest.xml:13:5-65
16-->[DeviceAPI_ver20230301_release.aar] AndroidManifest.xml:13:22-62
17    <uses-permission android:name="android.permission.CHANGE_WIFI_STATE" />
17-->[DeviceAPI_ver20230301_release.aar] AndroidManifest.xml:14:5-76
17-->[DeviceAPI_ver20230301_release.aar] AndroidManifest.xml:14:22-73
18
19    <application
19-->src\main\AndroidManifest.xml:9:5-36:19
20        android:allowBackup="true"
20-->src\main\AndroidManifest.xml:10:9-35
21        android:appComponentFactory="androidx.core.app.CoreComponentFactory"
21-->[androidx.core:core:1.1.0] AndroidManifest.xml:24:18-86
22        android:icon="@drawable/ic_launcher"
22-->src\main\AndroidManifest.xml:11:9-45
23        android:label="@string/app_name"
23-->src\main\AndroidManifest.xml:12:9-41
24        android:testOnly="true"
25        android:theme="@style/CustomTheme" >
25-->src\main\AndroidManifest.xml:13:9-43
26        <activity
26-->src\main\AndroidManifest.xml:14:9-24:20
27            android:name="com.example.uhf.activity.UHFMainActivity"
27-->src\main\AndroidManifest.xml:15:13-68
28            android:configChanges="orientation|screenSize"
28-->src\main\AndroidManifest.xml:17:13-59
29            android:label="@string/app_name"
29-->src\main\AndroidManifest.xml:18:13-45
30            android:screenOrientation="portrait" >
30-->src\main\AndroidManifest.xml:16:13-49
31            <intent-filter>
31-->src\main\AndroidManifest.xml:19:13-23:29
32                <action android:name="android.intent.action.MAIN" />
32-->src\main\AndroidManifest.xml:20:17-69
32-->src\main\AndroidManifest.xml:20:25-66
33
34                <category android:name="android.intent.category.LAUNCHER" />
34-->src\main\AndroidManifest.xml:22:17-77
34-->src\main\AndroidManifest.xml:22:27-74
35            </intent-filter>
36        </activity>
37
38        <receiver android:name="com.example.uhf.BootBroadcastReceiver" >
38-->src\main\AndroidManifest.xml:25:9-30:20
38-->src\main\AndroidManifest.xml:25:19-71
39            <intent-filter android:priority="1000" >
39-->src\main\AndroidManifest.xml:26:13-29:29
39-->src\main\AndroidManifest.xml:26:28-51
40                <action android:name="android.intent.action.BOOT_COMPLETED" />
40-->src\main\AndroidManifest.xml:27:17-79
40-->src\main\AndroidManifest.xml:27:25-76
41
42                <category android:name="android.intent.category.LAUNCHER" />
42-->src\main\AndroidManifest.xml:22:17-77
42-->src\main\AndroidManifest.xml:22:27-74
43            </intent-filter>
44        </receiver>
45
46        <activity
46-->src\main\AndroidManifest.xml:31:9-34:61
47            android:name="com.example.uhf.filebrowser.FileManagerActivity"
47-->src\main\AndroidManifest.xml:32:13-75
48            android:configChanges="orientation|screenSize"
48-->src\main\AndroidManifest.xml:34:13-59
49            android:screenOrientation="portrait" />
49-->src\main\AndroidManifest.xml:33:13-49
50    </application>
51
52</manifest>